<?xml version="1.0" encoding="UTF-8"?>
<testng-results ignored="0" total="1" passed="1" failed="0" skipped="0">
  <reporter-output>
  </reporter-output>
  <suite started-at="2023-01-16T17:20:31 IST" name="Default suite" finished-at="2023-01-16T17:20:47 IST" duration-ms="16330">
    <groups>
    </groups>
    <test started-at="2023-01-16T17:20:31 IST" name="Default test" finished-at="2023-01-16T17:20:47 IST" duration-ms="16330">
      <class name="omniengage.Nodes">
        <test-method signature="runner()[pri:0, instance:omniengage.Nodes@6c130c45]" started-at="2023-01-16T17:20:31 IST" name="runner" finished-at="2023-01-16T17:20:47 IST" duration-ms="16308" status="PASS">
          <reporter-output>
          </reporter-output>
        </test-method> <!-- runner -->
      </class> <!-- omniengage.Nodes -->
    </test> <!-- Default test -->
  </suite> <!-- Default suite -->
</testng-results>
