<?xml version="1.0" encoding="UTF-8"?>
<testng-results ignored="0" total="2" passed="2" failed="0" skipped="0">
  <reporter-output>
  </reporter-output>
  <suite started-at="2023-04-06T09:02:01 CDT" name="TestSuite" finished-at="2023-04-06T09:02:34 CDT" duration-ms="32779">
    <groups>
    </groups>
    <test started-at="2023-04-06T09:02:01 CDT" name="ChromeTest" finished-at="2023-04-06T09:02:34 CDT" duration-ms="32582">
      <class name="omniengage.Nodes">
        <test-method is-config="true" signature="setup(java.lang.String)[pri:0, instance:omniengage.Nodes@169e6180]" started-at="2023-04-06T09:02:01 CDT" name="setup" finished-at="2023-04-06T09:02:07 CDT" duration-ms="6137" status="PASS">
          <params>
            <param index="0">
              <value>
                <![CDATA[Chrome]]>
              </value>
            </param>
          </params>
          <reporter-output>
          </reporter-output>
        </test-method> <!-- setup -->
        <test-method signature="controller()[pri:0, instance:omniengage.Nodes@169e6180]" started-at="2023-04-06T09:02:07 CDT" name="controller" finished-at="2023-04-06T09:02:34 CDT" duration-ms="26423" status="PASS">
          <reporter-output>
          </reporter-output>
        </test-method> <!-- controller -->
      </class> <!-- omniengage.Nodes -->
    </test> <!-- ChromeTest -->
    <test started-at="2023-04-06T09:02:01 CDT" name="EdgeTest" finished-at="2023-04-06T09:02:34 CDT" duration-ms="32779">
      <class name="omniengage.Nodes">
        <test-method is-config="true" signature="setup(java.lang.String)[pri:0, instance:omniengage.Nodes@957e06]" started-at="2023-04-06T09:02:01 CDT" name="setup" finished-at="2023-04-06T09:02:07 CDT" duration-ms="6137" status="PASS">
          <params>
            <param index="0">
              <value>
                <![CDATA[Edge]]>
              </value>
            </param>
          </params>
          <reporter-output>
          </reporter-output>
        </test-method> <!-- setup -->
        <test-method signature="controller()[pri:0, instance:omniengage.Nodes@957e06]" started-at="2023-04-06T09:02:07 CDT" name="controller" finished-at="2023-04-06T09:02:34 CDT" duration-ms="26623" status="PASS">
          <reporter-output>
          </reporter-output>
        </test-method> <!-- controller -->
      </class> <!-- omniengage.Nodes -->
    </test> <!-- EdgeTest -->
  </suite> <!-- TestSuite -->
</testng-results>
