<?xml version="1.0" encoding="UTF-8"?>
<testng-results ignored="0" total="1" passed="1" failed="0" skipped="0">
  <reporter-output>
  </reporter-output>
  <suite started-at="2023-01-25T18:15:28 IST" name="Default suite" finished-at="2023-01-25T18:16:25 IST" duration-ms="56165">
    <groups>
    </groups>
    <test started-at="2023-01-25T18:15:28 IST" name="Default test" finished-at="2023-01-25T18:16:25 IST" duration-ms="56165">
      <class name="omniengage.Nodes">
        <test-method signature="controller()[pri:0, instance:omniengage.Nodes@6c130c45]" started-at="2023-01-25T18:15:29 IST" name="controller" finished-at="2023-01-25T18:16:25 IST" duration-ms="56144" status="PASS">
          <reporter-output>
          </reporter-output>
        </test-method> <!-- controller -->
      </class> <!-- omniengage.Nodes -->
    </test> <!-- Default test -->
  </suite> <!-- Default suite -->
</testng-results>
