<?xml version="1.0" encoding="UTF-8"?>
<testng-results ignored="0" total="3" passed="3" failed="0" skipped="0">
  <reporter-output>
  </reporter-output>
  <suite started-at="2023-03-01T10:22:32 IST" name="TestSuite" finished-at="2023-03-01T10:24:35 IST" duration-ms="122865">
    <groups>
    </groups>
    <test started-at="2023-03-01T10:22:32 IST" name="ChromeTest" finished-at="2023-03-01T10:24:24 IST" duration-ms="111785">
      <class name="omniengage.Nodes">
        <test-method is-config="true" signature="setup(java.lang.String)[pri:0, instance:omniengage.Nodes@169e6180]" started-at="2023-03-01T10:22:32 IST" name="setup" finished-at="2023-03-01T10:22:38 IST" duration-ms="6167" status="PASS">
          <params>
            <param index="0">
              <value>
                <![CDATA[Chrome]]>
              </value>
            </param>
          </params>
          <reporter-output>
          </reporter-output>
        </test-method> <!-- setup -->
        <test-method signature="controller()[pri:0, instance:omniengage.Nodes@169e6180]" started-at="2023-03-01T10:22:38 IST" name="controller" finished-at="2023-03-01T10:24:24 IST" duration-ms="105599" status="PASS">
          <reporter-output>
          </reporter-output>
        </test-method> <!-- controller -->
      </class> <!-- omniengage.Nodes -->
    </test> <!-- ChromeTest -->
    <test started-at="2023-03-01T10:22:32 IST" name="EdgeTest" finished-at="2023-03-01T10:24:24 IST" duration-ms="111871">
      <class name="omniengage.Nodes">
        <test-method is-config="true" signature="setup(java.lang.String)[pri:0, instance:omniengage.Nodes@550dbc7a]" started-at="2023-03-01T10:22:32 IST" name="setup" finished-at="2023-03-01T10:22:38 IST" duration-ms="6167" status="PASS">
          <params>
            <param index="0">
              <value>
                <![CDATA[Edge]]>
              </value>
            </param>
          </params>
          <reporter-output>
          </reporter-output>
        </test-method> <!-- setup -->
        <test-method signature="controller()[pri:0, instance:omniengage.Nodes@550dbc7a]" started-at="2023-03-01T10:22:38 IST" name="controller" finished-at="2023-03-01T10:24:24 IST" duration-ms="105687" status="PASS">
          <reporter-output>
          </reporter-output>
        </test-method> <!-- controller -->
      </class> <!-- omniengage.Nodes -->
    </test> <!-- EdgeTest -->
    <test started-at="2023-03-01T10:22:32 IST" name="FirefoxTest" finished-at="2023-03-01T10:24:35 IST" duration-ms="122865">
      <class name="omniengage.Nodes">
        <test-method is-config="true" signature="setup(java.lang.String)[pri:0, instance:omniengage.Nodes@957e06]" started-at="2023-03-01T10:22:32 IST" name="setup" finished-at="2023-03-01T10:22:39 IST" duration-ms="7065" status="PASS">
          <params>
            <param index="0">
              <value>
                <![CDATA[Firefox]]>
              </value>
            </param>
          </params>
          <reporter-output>
          </reporter-output>
        </test-method> <!-- setup -->
        <test-method signature="controller()[pri:0, instance:omniengage.Nodes@957e06]" started-at="2023-03-01T10:22:39 IST" name="controller" finished-at="2023-03-01T10:24:35 IST" duration-ms="115794" status="PASS">
          <reporter-output>
          </reporter-output>
        </test-method> <!-- controller -->
      </class> <!-- omniengage.Nodes -->
    </test> <!-- FirefoxTest -->
  </suite> <!-- TestSuite -->
</testng-results>
