<?xml version="1.0" encoding="UTF-8"?>
<testng-results ignored="0" total="3" passed="2" failed="1" skipped="0">
  <reporter-output>
  </reporter-output>
  <suite started-at="2023-04-06T11:07:23 CDT" name="TestSuite" finished-at="2023-04-06T11:10:03 CDT" duration-ms="159873">
    <groups>
    </groups>
    <test started-at="2023-04-06T11:07:23 CDT" name="FirefoxTest" finished-at="2023-04-06T11:07:54 CDT" duration-ms="30813">
      <class name="omniengage.Nodes">
        <test-method is-config="true" signature="setup(java.lang.String)[pri:0, instance:omniengage.Nodes@957e06]" started-at="2023-04-06T11:07:23 CDT" name="setup" finished-at="2023-04-06T11:07:30 CDT" duration-ms="7235" status="PASS">
          <params>
            <param index="0">
              <value>
                <![CDATA[Firefox]]>
              </value>
            </param>
          </params>
          <reporter-output>
          </reporter-output>
        </test-method> <!-- setup -->
        <test-method signature="controller()[pri:0, instance:omniengage.Nodes@957e06]" started-at="2023-04-06T11:07:30 CDT" name="controller" finished-at="2023-04-06T11:07:54 CDT" duration-ms="23567" status="FAIL">
          <exception class="org.openqa.selenium.interactions.MoveTargetOutOfBoundsException">
            <message>
              <![CDATA[(1524, 968) is out of bounds of viewport width (1920) and height (927)
Build info: version: '4.4.0', revision: 'e5c75ed026a'
System info: host: 'anshumann-Aspire-A715-42G', ip: '127.0.1.1', os.name: 'Linux', os.arch: 'amd64', os.version: '5.15.0-56-generic', java.version: '17.0.2'
Driver info: org.openqa.selenium.firefox.FirefoxDriver
Command: [e3b12555-6ab3-4356-982f-a98af105da84, actions {actions=[org.openqa.selenium.interactions.Sequence@f8626f6]}]
Capabilities {acceptInsecureCerts: true, browserName: firefox, browserVersion: 107.0.1, moz:accessibilityChecks: false, moz:buildID: 20221128144904, moz:debuggerAddress: 127.0.0.1:47039, moz:geckodriverVersion: 0.32.2, moz:headless: false, moz:platformVersion: 5.15.0-56-generic, moz:processID: 161241, moz:profile: /tmp/rust_mozprofilepc2B1T, moz:shutdownTimeout: 60000, moz:useNonSpecCompliantPointerOrigin: false, moz:webdriverClick: true, moz:windowless: false, pageLoadStrategy: normal, platformName: LINUX, proxy: Proxy(), se:cdp: ws://127.0.0.1:47039/devtoo..., se:cdpVersion: 85.0, setWindowRect: true, strictFileInteractability: false, timeouts: {implicit: 0, pageLoad: 300000, script: 30000}, unhandledPromptBehavior: dismiss and notify}
Session ID: e3b12555-6ab3-4356-982f-a98af105da84]]>
            </message>
            <full-stacktrace>
              <![CDATA[org.openqa.selenium.interactions.MoveTargetOutOfBoundsException: (1524, 968) is out of bounds of viewport width (1920) and height (927)
Build info: version: '4.4.0', revision: 'e5c75ed026a'
System info: host: 'anshumann-Aspire-A715-42G', ip: '127.0.1.1', os.name: 'Linux', os.arch: 'amd64', os.version: '5.15.0-56-generic', java.version: '17.0.2'
Driver info: org.openqa.selenium.firefox.FirefoxDriver
Command: [e3b12555-6ab3-4356-982f-a98af105da84, actions {actions=[org.openqa.selenium.interactions.Sequence@f8626f6]}]
Capabilities {acceptInsecureCerts: true, browserName: firefox, browserVersion: 107.0.1, moz:accessibilityChecks: false, moz:buildID: 20221128144904, moz:debuggerAddress: 127.0.0.1:47039, moz:geckodriverVersion: 0.32.2, moz:headless: false, moz:platformVersion: 5.15.0-56-generic, moz:processID: 161241, moz:profile: /tmp/rust_mozprofilepc2B1T, moz:shutdownTimeout: 60000, moz:useNonSpecCompliantPointerOrigin: false, moz:webdriverClick: true, moz:windowless: false, pageLoadStrategy: normal, platformName: LINUX, proxy: Proxy(), se:cdp: ws://127.0.0.1:47039/devtoo..., se:cdpVersion: 85.0, setWindowRect: true, strictFileInteractability: false, timeouts: {implicit: 0, pageLoad: 300000, script: 30000}, unhandledPromptBehavior: dismiss and notify}
Session ID: e3b12555-6ab3-4356-982f-a98af105da84
at java.base/jdk.internal.reflect.NativeConstructorAccessorImpl.newInstance0(Native Method)
at java.base/jdk.internal.reflect.NativeConstructorAccessorImpl.newInstance(NativeConstructorAccessorImpl.java:77)
at java.base/jdk.internal.reflect.DelegatingConstructorAccessorImpl.newInstance(DelegatingConstructorAccessorImpl.java:45)
at java.base/java.lang.reflect.Constructor.newInstanceWithCaller(Constructor.java:499)
at java.base/java.lang.reflect.Constructor.newInstance(Constructor.java:480)
at org.openqa.selenium.remote.codec.w3c.W3CHttpResponseCodec.createException(W3CHttpResponseCodec.java:200)
at org.openqa.selenium.remote.codec.w3c.W3CHttpResponseCodec.decode(W3CHttpResponseCodec.java:133)
at org.openqa.selenium.remote.codec.w3c.W3CHttpResponseCodec.decode(W3CHttpResponseCodec.java:53)
at org.openqa.selenium.remote.HttpCommandExecutor.execute(HttpCommandExecutor.java:184)
at org.openqa.selenium.remote.service.DriverCommandExecutor.invokeExecute(DriverCommandExecutor.java:167)
at org.openqa.selenium.remote.service.DriverCommandExecutor.execute(DriverCommandExecutor.java:142)
at org.openqa.selenium.remote.RemoteWebDriver.execute(RemoteWebDriver.java:547)
at org.openqa.selenium.remote.RemoteWebDriver.perform(RemoteWebDriver.java:615)
at org.openqa.selenium.interactions.Actions$BuiltAction.perform(Actions.java:567)
at omniengage.dragndropnode.dragndropNode(dragndropnode.java:116)
at omniengage.Nodes.controller(Nodes.java:76)
at java.base/jdk.internal.reflect.NativeMethodAccessorImpl.invoke0(Native Method)
at java.base/jdk.internal.reflect.NativeMethodAccessorImpl.invoke(NativeMethodAccessorImpl.java:77)
at java.base/jdk.internal.reflect.DelegatingMethodAccessorImpl.invoke(DelegatingMethodAccessorImpl.java:43)
at java.base/java.lang.reflect.Method.invoke(Method.java:568)
at org.testng.internal.MethodInvocationHelper.invokeMethod(MethodInvocationHelper.java:133)
at org.testng.internal.TestInvoker.invokeMethod(TestInvoker.java:598)
at org.testng.internal.TestInvoker.invokeTestMethod(TestInvoker.java:173)
at org.testng.internal.MethodRunner.runInSequence(MethodRunner.java:46)
at org.testng.internal.TestInvoker$MethodInvocationAgent.invoke(TestInvoker.java:824)
at org.testng.internal.TestInvoker.invokeTestMethods(TestInvoker.java:146)
at org.testng.internal.TestMethodWorker.invokeTestMethods(TestMethodWorker.java:146)
at org.testng.internal.TestMethodWorker.run(TestMethodWorker.java:128)
at java.base/java.util.ArrayList.forEach(ArrayList.java:1511)
at org.testng.TestRunner.privateRun(TestRunner.java:794)
at org.testng.TestRunner.run(TestRunner.java:596)
at org.testng.SuiteRunner.runTest(SuiteRunner.java:377)
at org.testng.SuiteRunner.access$000(SuiteRunner.java:28)
at org.testng.SuiteRunner$SuiteWorker.run(SuiteRunner.java:418)
at org.testng.internal.thread.ThreadUtil.lambda$execute$0(ThreadUtil.java:64)
at java.base/java.util.concurrent.FutureTask.run(FutureTask.java:264)
at java.base/java.util.concurrent.ThreadPoolExecutor.runWorker(ThreadPoolExecutor.java:1136)
at java.base/java.util.concurrent.ThreadPoolExecutor$Worker.run(ThreadPoolExecutor.java:635)
at java.base/java.lang.Thread.run(Thread.java:833)
]]>
            </full-stacktrace>
          </exception> <!-- org.openqa.selenium.interactions.MoveTargetOutOfBoundsException -->
          <reporter-output>
          </reporter-output>
        </test-method> <!-- controller -->
      </class> <!-- omniengage.Nodes -->
    </test> <!-- FirefoxTest -->
    <test started-at="2023-04-06T11:07:23 CDT" name="ChromeTest" finished-at="2023-04-06T11:10:03 CDT" duration-ms="159690">
      <class name="omniengage.Nodes">
        <test-method is-config="true" signature="setup(java.lang.String)[pri:0, instance:omniengage.Nodes@169e6180]" started-at="2023-04-06T11:07:23 CDT" name="setup" finished-at="2023-04-06T11:07:29 CDT" duration-ms="6207" status="PASS">
          <params>
            <param index="0">
              <value>
                <![CDATA[Chrome]]>
              </value>
            </param>
          </params>
          <reporter-output>
          </reporter-output>
        </test-method> <!-- setup -->
        <test-method signature="controller()[pri:0, instance:omniengage.Nodes@169e6180]" started-at="2023-04-06T11:07:29 CDT" name="controller" finished-at="2023-04-06T11:10:03 CDT" duration-ms="153461" status="PASS">
          <reporter-output>
          </reporter-output>
        </test-method> <!-- controller -->
      </class> <!-- omniengage.Nodes -->
    </test> <!-- ChromeTest -->
    <test started-at="2023-04-06T11:07:23 CDT" name="EdgeTest" finished-at="2023-04-06T11:10:03 CDT" duration-ms="159873">
      <class name="omniengage.Nodes">
        <test-method is-config="true" signature="setup(java.lang.String)[pri:0, instance:omniengage.Nodes@550dbc7a]" started-at="2023-04-06T11:07:23 CDT" name="setup" finished-at="2023-04-06T11:07:29 CDT" duration-ms="6207" status="PASS">
          <params>
            <param index="0">
              <value>
                <![CDATA[Edge]]>
              </value>
            </param>
          </params>
          <reporter-output>
          </reporter-output>
        </test-method> <!-- setup -->
        <test-method signature="controller()[pri:0, instance:omniengage.Nodes@550dbc7a]" started-at="2023-04-06T11:07:29 CDT" name="controller" finished-at="2023-04-06T11:10:03 CDT" duration-ms="153644" status="PASS">
          <reporter-output>
          </reporter-output>
        </test-method> <!-- controller -->
      </class> <!-- omniengage.Nodes -->
    </test> <!-- EdgeTest -->
  </suite> <!-- TestSuite -->
</testng-results>
