<?xml version="1.0" encoding="UTF-8"?>
<testng-results ignored="0" total="2" passed="2" failed="0" skipped="0">
  <reporter-output>
  </reporter-output>
  <suite started-at="2023-01-10T11:24:17 IST" name="Default suite" finished-at="2023-01-10T11:24:25 IST" duration-ms="7670">
    <groups>
    </groups>
    <test started-at="2023-01-10T11:24:17 IST" name="Default test" finished-at="2023-01-10T11:24:25 IST" duration-ms="7670">
      <class name="omniengage.Nodes">
        <test-method signature="Login()[pri:0, instance:omniengage.Nodes@1965539b]" started-at="2023-01-10T11:24:17 IST" name="Login" finished-at="2023-01-10T11:24:20 IST" duration-ms="2456" status="PASS">
          <reporter-output>
          </reporter-output>
        </test-method> <!-- Login -->
        <test-method signature="Botmaker()[pri:1, instance:omniengage.Nodes@1965539b]" started-at="2023-01-10T11:24:20 IST" name="Botmaker" finished-at="2023-01-10T11:24:25 IST" duration-ms="5189" status="PASS">
          <reporter-output>
          </reporter-output>
        </test-method> <!-- Botmaker -->
      </class> <!-- omniengage.Nodes -->
    </test> <!-- Default test -->
  </suite> <!-- Default suite -->
</testng-results>
