<?xml version="1.0" encoding="UTF-8"?>
<!-- Generated by org.testng.reporters.JUnitXMLReporter -->
<testsuite ignored="0" hostname="anshumann-Aspire-A715-42G" failures="1" tests="1" name="ChromeTest" time="120.005" errors="0" timestamp="2023-02-20T17:33:03 IST">
  <testcase classname="omniengage.Nodes" name="controller" time="113.952">
    <failure type="java.lang.AssertionError" message="The following asserts failed:
	Monthly pricing is not matching expected [Recommended Plus plan Scale up with ease Starts at $22 /month Upgrade Min. Bill amount $22/month 5000 monthly push web notification 10,000 monthly emails] but found [Recommended
Plus plan
Scale up with ease
Starts at
$22
/month
Upgrade
Min. Bill amount $22/month
5000 monthly push web notification
10,000 monthly emails],
	Monthly pricing is not matching expected [Enterprise plan Unleash your full potential Custom Contact us Upgrade to Plus or Enterprise to enjoy more features. Perfect for businesses with high volume requirements Take advantage of special rates and customized plans] but found [Enterprise plan
Unleash your full potential
Custom
Contact us
Upgrade to Plus or Enterprise to enjoy more features.
Perfect for businesses with high volume requirements
Take advantage of special rates and customized plans]">
      <![CDATA[java.lang.AssertionError: The following asserts failed:
Monthly pricing is not matching expected [Recommended Plus plan Scale up with ease Starts at $22 /month Upgrade Min. Bill amount $22/month 5000 monthly push web notification 10,000 monthly emails] but found [Recommended
Plus plan
Scale up with ease
Starts at
$22
/month
Upgrade
Min. Bill amount $22/month
5000 monthly push web notification
10,000 monthly emails],
Monthly pricing is not matching expected [Enterprise plan Unleash your full potential Custom Contact us Upgrade to Plus or Enterprise to enjoy more features. Perfect for businesses with high volume requirements Take advantage of special rates and customized plans] but found [Enterprise plan
Unleash your full potential
Custom
Contact us
Upgrade to Plus or Enterprise to enjoy more features.
Perfect for businesses with high volume requirements
Take advantage of special rates and customized plans]
at omniengage.Chatanalytics.Chatcheck(Chatanalytics.java:78)
at omniengage.Nodes.controller(Nodes.java:82)
at java.base/java.util.ArrayList.forEach(ArrayList.java:1511)
at java.base/java.util.concurrent.FutureTask.run(FutureTask.java:264)
at java.base/java.util.concurrent.ThreadPoolExecutor.runWorker(ThreadPoolExecutor.java:1136)
at java.base/java.util.concurrent.ThreadPoolExecutor$Worker.run(ThreadPoolExecutor.java:635)
at java.base/java.lang.Thread.run(Thread.java:833)
... Removed 20 stack frames]]>
    </failure>
  </testcase> <!-- controller -->
</testsuite> <!-- ChromeTest -->
