<?xml version="1.0" encoding="UTF-8"?>
<!-- Generated by org.testng.reporters.JUnitXMLReporter -->
<testsuite ignored="0" hostname="anshumann-Aspire-A715-42G" failures="1" tests="1" name="EdgeTest" time="110.479" errors="0" timestamp="2023-02-23T18:11:00 IST">
  <testcase classname="omniengage.Nodes" name="controller" time="104.264">
    <failure type="org.openqa.selenium.ElementClickInterceptedException" message="element click intercepted: Element &amp;lt;button class=&amp;quot;saveDataBtn&amp;quot;&amp;gt;...&amp;lt;/button&amp;gt; is not clickable at point (1683, 579). Other element would receive the click: &amp;lt;div class=&amp;quot;createbot-modal&amp;quot;&amp;gt;...&amp;lt;/div&amp;gt;
  (Session info: MicrosoftEdge=111.0.1661.15)
Build info: version: &amp;apos;4.4.0&amp;apos;, revision: &amp;apos;e5c75ed026a&amp;apos;
System info: host: &amp;apos;anshumann-Aspire-A715-42G&amp;apos;, ip: &amp;apos;127.0.1.1&amp;apos;, os.name: &amp;apos;Linux&amp;apos;, os.arch: &amp;apos;amd64&amp;apos;, os.version: &amp;apos;5.15.0-56-generic&amp;apos;, java.version: &amp;apos;17.0.2&amp;apos;
Driver info: org.openqa.selenium.edge.EdgeDriver
Command: [bfc6d78e725a8ae9b6c83032c7881eff, clickElement {id=649346ad-d70e-469f-a51b-a518119bb8c8}]
Capabilities {acceptInsecureCerts: false, browserName: msedge, browserVersion: 111.0.1661.15, ms:edgeOptions: {debuggerAddress: localhost:33389}, msedge: {msedgedriverVersion: 110.0.1587.41 (dec2c0803210..., userDataDir: /tmp/.com.microsoft.Edge.B9...}, networkConnectionEnabled: false, pageLoadStrategy: normal, platformName: LINUX, proxy: Proxy(), se:cdp: ws://localhost:33389/devtoo..., se:cdpVersion: 111.0.1661.15, setWindowRect: true, strictFileInteractability: false, timeouts: {implicit: 0, pageLoad: 300000, script: 30000}, unhandledPromptBehavior: dismiss and notify, webauthn:extension:credBlob: true, webauthn:extension:largeBlob: true, webauthn:virtualAuthenticators: true}
Element: [[EdgeDriver: msedge on LINUX (bfc6d78e725a8ae9b6c83032c7881eff)] -&amp;gt; xpath: //*[@id=&amp;quot;root&amp;quot;]/div/div[3]/div[4]/div/div[2]/div/button[2]
]
Session ID: bfc6d78e725a8ae9b6c83032c7881eff">
      <![CDATA[org.openqa.selenium.ElementClickInterceptedException: element click intercepted: Element <button class="saveDataBtn">...</button> is not clickable at point (1683, 579). Other element would receive the click: <div class="createbot-modal">...</div>
  (Session info: MicrosoftEdge=111.0.1661.15)
Build info: version: '4.4.0', revision: 'e5c75ed026a'
System info: host: 'anshumann-Aspire-A715-42G', ip: '127.0.1.1', os.name: 'Linux', os.arch: 'amd64', os.version: '5.15.0-56-generic', java.version: '17.0.2'
Driver info: org.openqa.selenium.edge.EdgeDriver
Command: [bfc6d78e725a8ae9b6c83032c7881eff, clickElement {id=649346ad-d70e-469f-a51b-a518119bb8c8}]
Capabilities {acceptInsecureCerts: false, browserName: msedge, browserVersion: 111.0.1661.15, ms:edgeOptions: {debuggerAddress: localhost:33389}, msedge: {msedgedriverVersion: 110.0.1587.41 (dec2c0803210..., userDataDir: /tmp/.com.microsoft.Edge.B9...}, networkConnectionEnabled: false, pageLoadStrategy: normal, platformName: LINUX, proxy: Proxy(), se:cdp: ws://localhost:33389/devtoo..., se:cdpVersion: 111.0.1661.15, setWindowRect: true, strictFileInteractability: false, timeouts: {implicit: 0, pageLoad: 300000, script: 30000}, unhandledPromptBehavior: dismiss and notify, webauthn:extension:credBlob: true, webauthn:extension:largeBlob: true, webauthn:virtualAuthenticators: true}
Element: [[EdgeDriver: msedge on LINUX (bfc6d78e725a8ae9b6c83032c7881eff)] -> xpath: //*[@id="root"]/div/div[3]/div[4]/div/div[2]/div/button[2]
]
Session ID: bfc6d78e725a8ae9b6c83032c7881eff
at org.openqa.selenium.remote.codec.w3c.W3CHttpResponseCodec.createException(W3CHttpResponseCodec.java:200)
at org.openqa.selenium.remote.codec.w3c.W3CHttpResponseCodec.decode(W3CHttpResponseCodec.java:133)
at org.openqa.selenium.remote.codec.w3c.W3CHttpResponseCodec.decode(W3CHttpResponseCodec.java:53)
at org.openqa.selenium.remote.HttpCommandExecutor.execute(HttpCommandExecutor.java:184)
at org.openqa.selenium.remote.service.DriverCommandExecutor.invokeExecute(DriverCommandExecutor.java:167)
at org.openqa.selenium.remote.service.DriverCommandExecutor.execute(DriverCommandExecutor.java:142)
at org.openqa.selenium.remote.RemoteWebDriver.execute(RemoteWebDriver.java:547)
at org.openqa.selenium.remote.RemoteWebElement.execute(RemoteWebElement.java:257)
at org.openqa.selenium.remote.RemoteWebElement.click(RemoteWebElement.java:78)
at omniengage.Audiencetrigger.rfopener(Audiencetrigger.java:131)
at omniengage.Nodes.controller(Nodes.java:81)
at java.base/java.util.ArrayList.forEach(ArrayList.java:1511)
at java.base/java.util.concurrent.FutureTask.run(FutureTask.java:264)
at java.base/java.util.concurrent.ThreadPoolExecutor.runWorker(ThreadPoolExecutor.java:1136)
at java.base/java.util.concurrent.ThreadPoolExecutor$Worker.run(ThreadPoolExecutor.java:635)
at java.base/java.lang.Thread.run(Thread.java:833)
... Removed 23 stack frames]]>
    </failure>
  </testcase> <!-- controller -->
</testsuite> <!-- EdgeTest -->
